<?xml version="1.0" encoding="UTF-8"?>
<!-- Generated by org.testng.reporters.JUnitXMLReporter -->
<testsuite ignored="0" hostname="LAPTOP-43EPU8GR" failures="1" tests="3" name="Sprint1" time="0.066" errors="0" timestamp="2021-04-05T18:45:02 EDT">
  <testcase classname="testNGClasses.TestCase3" name="whatsapptest" time="0.013">
    <failure type="java.lang.AssertionError" message="expected [true] but found [false]">
      <![CDATA[java.lang.AssertionError: expected [true] but found [false]
at testNGClasses.TestCase3.whatsapptest(TestCase3.java:14)
at java.base/java.util.ArrayList.forEach(ArrayList.java:1511)
... Removed 31 stack frames]]>
    </failure>
  </testcase> <!-- whatsapptest -->
  <testcase classname="testNGClasses.TestCase2" name="twittertset" time="0.002"/>
  <testcase classname="testNGClasses.TestCase1" name="facebooktest" time="0.002"/>
</testsuite> <!-- Sprint1 -->
